# JRE version: Java(TM) SE Runtime Environment 18.9 (11.0.13+10) (build 11.0.13+10-LTS-370)
# Java VM: Java HotSpot(TM) 64-Bit Server VM 18.9 (11.0.13+10-LTS-370, mixed mode, tiered, compressed oops, g1 gc, windows-amd64)
Heap:
 garbage-first heap   total 233472K, used 24505K [0x0000000080000000, 0x0000000100000000)
  region size 1024K, 12 young (12288K), 12 survivors (12288K)
 Metaspace       used 44501K, capacity 45664K, committed 45900K, reserved 1089536K
  class space    used 5698K, capacity 6154K, committed 6220K, reserved 1048576K
GC Heap History (10 events):
Event: 1.238 GC heap after
{Heap after GC invocations=4 (full 0):
 garbage-first heap   total 131072K, used 7480K [0x0000000080000000, 0x0000000100000000)
  region size 1024K, 1 young (1024K), 1 survivors (1024K)
 Metaspace       used 17686K, capacity 18147K, committed 18432K, reserved 1064960K
  class space    used 1986K, capacity 2192K, committed 2304K, reserved 1048576K
}
Event: 1.579 GC heap before
{Heap before GC invocations=4 (full 0):
 garbage-first heap   total 131072K, used 26936K [0x0000000080000000, 0x0000000100000000)
  region size 1024K, 22 young (22528K), 1 survivors (1024K)
 Metaspace       used 20652K, capacity 21181K, committed 21248K, reserved 1067008K
  class space    used 2518K, capacity 2757K, committed 2816K, reserved 1048576K
}
Event: 1.587 GC heap after
{Heap after GC invocations=5 (full 0):
 garbage-first heap   total 166912K, used 8467K [0x0000000080000000, 0x0000000100000000)
  region size 1024K, 2 young (2048K), 2 survivors (2048K)
 Metaspace       used 20652K, capacity 21181K, committed 21248K, reserved 1067008K
  class space    used 2518K, capacity 2757K, committed 2816K, reserved 1048576K
}
Event: 1.927 GC heap before
{Heap before GC invocations=6 (full 0):
 garbage-first heap   total 166912K, used 37139K [0x0000000080000000, 0x0000000100000000)
  region size 1024K, 31 young (31744K), 2 survivors (2048K)
 Metaspace       used 26439K, capacity 27171K, committed 27392K, reserved 1073152K
  class space    used 3272K, capacity 3573K, committed 3584K, reserved 1048576K
}
Event: 1.937 GC heap after
{Heap after GC invocations=7 (full 0):
 garbage-first heap   total 166912K, used 9377K [0x0000000080000000, 0x0000000100000000)
  region size 1024K, 3 young (3072K), 3 survivors (3072K)
 Metaspace       used 26439K, capacity 27171K, committed 27392K, reserved 1073152K
  class space    used 3272K, capacity 3573K, committed 3584K, reserved 1048576K
}
Event: 2.785 GC heap before
{Heap before GC invocations=7 (full 0):
 garbage-first heap   total 166912K, used 51361K [0x0000000080000000, 0x0000000100000000)
  region size 1024K, 44 young (45056K), 3 survivors (3072K)
 Metaspace       used 31030K, capacity 31840K, committed 32000K, reserved 1077248K
  class space    used 3886K, capacity 4237K, committed 4352K, reserved 1048576K
}
Event: 2.799 GC heap after
{Heap after GC invocations=8 (full 0):
 garbage-first heap   total 166912K, used 12094K [0x0000000080000000, 0x0000000100000000)
  region size 1024K, 6 young (6144K), 6 survivors (6144K)
 Metaspace       used 31030K, capacity 31840K, committed 32000K, reserved 1077248K
  class space    used 3886K, capacity 4237K, committed 4352K, reserved 1048576K
}
Event: 3.602 GC heap before
{Heap before GC invocations=8 (full 0):
 garbage-first heap   total 166912K, used 64318K [0x0000000080000000, 0x0000000100000000)
  region size 1024K, 58 young (59392K), 6 survivors (6144K)
 Metaspace       used 34792K, capacity 35738K, committed 35840K, reserved 1081344K
  class space    used 4436K, capacity 4816K, committed 4864K, reserved 1048576K
}
Event: 3.627 GC heap after
{Heap after GC invocations=9 (full 0):
 garbage-first heap   total 166912K, used 15339K [0x0000000080000000, 0x0000000100000000)
  region size 1024K, 7 young (7168K), 7 survivors (7168K)
 Metaspace       used 34792K, capacity 35738K, committed 35840K, reserved 1081344K
  class space    used 4436K, capacity 4816K, committed 4864K, reserved 1048576K
}
Event: 5.608 GC heap before
{Heap before GC invocations=10 (full 0):
 garbage-first heap   total 166912K, used 104427K [0x0000000080000000, 0x0000000100000000)
  region size 1024K, 94 young (96256K), 7 survivors (7168K)
 Metaspace       used 44501K, capacity 45664K, committed 45900K, reserved 1089536K
  class space    used 5698K, capacity 6154K, committed 6220K, reserved 1048576K
}

