# JRE version: Java(TM) SE Runtime Environment 18.9 (11.0.13+10) (build 11.0.13+10-LTS-370)
# Java VM: Java HotSpot(TM) 64-Bit Server VM 18.9 (11.0.13+10-LTS-370, mixed mode, tiered, compressed oops, g1 gc, windows-amd64)
Heap:
 garbage-first heap   total 242688K, used 24013K [0x0000000080000000, 0x0000000100000000)
  region size 1024K, 12 young (12288K), 12 survivors (12288K)
 Metaspace       used 44141K, capacity 45302K, committed 45644K, reserved 1089536K
  class space    used 5663K, capacity 6120K, committed 6220K, reserved 1048576K
GC Heap History (10 events):
Event: 1.267 GC heap after
{Heap after GC invocations=4 (full 0):
 garbage-first heap   total 131072K, used 7632K [0x0000000080000000, 0x0000000100000000)
  region size 1024K, 1 young (1024K), 1 survivors (1024K)
 Metaspace       used 17742K, capacity 18217K, committed 18432K, reserved 1064960K
  class space    used 1995K, capacity 2194K, committed 2304K, reserved 1048576K
}
Event: 1.595 GC heap before
{Heap before GC invocations=4 (full 0):
 garbage-first heap   total 131072K, used 28112K [0x0000000080000000, 0x0000000100000000)
  region size 1024K, 22 young (22528K), 1 survivors (1024K)
 Metaspace       used 20658K, capacity 21170K, committed 21248K, reserved 1067008K
  class space    used 2544K, capacity 2798K, committed 2816K, reserved 1048576K
}
Event: 1.604 GC heap after
{Heap after GC invocations=5 (full 0):
 garbage-first heap   total 167936K, used 8454K [0x0000000080000000, 0x0000000100000000)
  region size 1024K, 2 young (2048K), 2 survivors (2048K)
 Metaspace       used 20658K, capacity 21170K, committed 21248K, reserved 1067008K
  class space    used 2544K, capacity 2798K, committed 2816K, reserved 1048576K
}
Event: 1.978 GC heap before
{Heap before GC invocations=6 (full 0):
 garbage-first heap   total 167936K, used 38150K [0x0000000080000000, 0x0000000100000000)
  region size 1024K, 32 young (32768K), 2 survivors (2048K)
 Metaspace       used 26478K, capacity 27239K, committed 27520K, reserved 1073152K
  class space    used 3281K, capacity 3588K, committed 3712K, reserved 1048576K
}
Event: 1.988 GC heap after
{Heap after GC invocations=7 (full 0):
 garbage-first heap   total 167936K, used 9460K [0x0000000080000000, 0x0000000100000000)
  region size 1024K, 3 young (3072K), 3 survivors (3072K)
 Metaspace       used 26478K, capacity 27239K, committed 27520K, reserved 1073152K
  class space    used 3281K, capacity 3588K, committed 3712K, reserved 1048576K
}
Event: 2.873 GC heap before
{Heap before GC invocations=7 (full 0):
 garbage-first heap   total 167936K, used 52468K [0x0000000080000000, 0x0000000100000000)
  region size 1024K, 46 young (47104K), 3 survivors (3072K)
 Metaspace       used 30937K, capacity 31785K, committed 32000K, reserved 1077248K
  class space    used 3897K, capacity 4239K, committed 4352K, reserved 1048576K
}
Event: 2.895 GC heap after
{Heap after GC invocations=8 (full 0):
 garbage-first heap   total 167936K, used 11963K [0x0000000080000000, 0x0000000100000000)
  region size 1024K, 6 young (6144K), 6 survivors (6144K)
 Metaspace       used 30937K, capacity 31785K, committed 32000K, reserved 1077248K
  class space    used 3897K, capacity 4239K, committed 4352K, reserved 1048576K
}
Event: 3.747 GC heap before
{Heap before GC invocations=8 (full 0):
 garbage-first heap   total 167936K, used 61115K [0x0000000080000000, 0x0000000100000000)
  region size 1024K, 55 young (56320K), 6 survivors (6144K)
 Metaspace       used 34788K, capacity 35773K, committed 35840K, reserved 1081344K
  class space    used 4442K, capacity 4849K, committed 4864K, reserved 1048576K
}
Event: 3.771 GC heap after
{Heap after GC invocations=9 (full 0):
 garbage-first heap   total 167936K, used 15348K [0x0000000080000000, 0x0000000100000000)
  region size 1024K, 7 young (7168K), 7 survivors (7168K)
 Metaspace       used 34788K, capacity 35773K, committed 35840K, reserved 1081344K
  class space    used 4442K, capacity 4849K, committed 4864K, reserved 1048576K
}
Event: 5.962 GC heap before
{Heap before GC invocations=10 (full 0):
 garbage-first heap   total 167936K, used 101364K [0x0000000080000000, 0x0000000100000000)
  region size 1024K, 91 young (93184K), 7 survivors (7168K)
 Metaspace       used 44141K, capacity 45302K, committed 45644K, reserved 1089536K
  class space    used 5663K, capacity 6120K, committed 6220K, reserved 1048576K
}

