-------------------------------------------------------------------------------
Test set: com.processPension.repository.PensionDetailsRepositoryTests
-------------------------------------------------------------------------------
Tests run: 2, Failures: 0, Errors: 1, Skipped: 0, Time elapsed: 0.03 s <<< FAILURE! - in com.processPension.repository.PensionDetailsRepositoryTests
testSaveForPensionerDetails  Time elapsed: 0.028 s  <<< ERROR!
org.springframework.orm.jpa.JpaSystemException: ids for this class must be manually assigned before calling save(): com.processPension.model.PensionerInput; nested exception is org.hibernate.id.IdentifierGenerationException: ids for this class must be manually assigned before calling save(): com.processPension.model.PensionerInput
	at com.processPension.repository.PensionDetailsRepositoryTests.testSaveForPensionerDetails(PensionDetailsRepositoryTests.java:70)
Caused by: org.hibernate.id.IdentifierGenerationException: ids for this class must be manually assigned before calling save(): com.processPension.model.PensionerInput
	at com.processPension.repository.PensionDetailsRepositoryTests.testSaveForPensionerDetails(PensionDetailsRepositoryTests.java:70)

