<?xml version="1.0" encoding="UTF-8"?>
<testsuite xmlns:xsi="http://www.w3.org/2001/XMLSchema-instance" xsi:noNamespaceSchemaLocation="https://maven.apache.org/surefire/maven-surefire-plugin/xsd/surefire-test-report.xsd" name="com.processPension.controller.ProcessPensionControllerTest" time="11.009" tests="11" errors="0" skipped="0" failures="11">
  <properties>
[...]
</properties>
  <testcase name="testGlobalExceptions" classname="com.processPension.controller.ProcessPensionControllerTest" time="0.316">
    <failure message="No value at JSON path &quot;$.message&quot;" type="java.lang.AssertionError">java.lang.AssertionError: No value at JSON path "$.message"
	at com.processPension.controller.ProcessPensionControllerTest.testGlobalExceptions(ProcessPensionControllerTest.java:206)
Caused by: java.lang.IllegalArgumentException: json can not be null or empty
	at com.processPension.controller.ProcessPensionControllerTest.testGlobalExceptions(ProcessPensionControllerTest.java:206)
</failure>
    <system-out><![CDATA[11:53:42.985 [main] DEBUG org.springframework.test.context.BootstrapUtils - Instantiating CacheAwareContextLoaderDelegate from class [org.springframework.test.context.cache.DefaultCacheAwareContextLoaderDelegate]
11:53:43.013 [main] DEBUG org.springframework.test.context.BootstrapUtils - Instantiating BootstrapContext using constructor [public org.springframework.test.context.support.DefaultBootstrapContext(java.lang.Class,org.springframework.test.context.CacheAwareContextLoaderDelegate)]
11:53:43.104 [main] DEBUG org.springframework.test.context.BootstrapUtils - Instantiating TestContextBootstrapper for test class [com.processPension.controller.ProcessPensionControllerTest] from class [org.springframework.boot.test.autoconfigure.web.servlet.WebMvcTestContextBootstrapper]
11:53:43.175 [main] INFO org.springframework.boot.test.autoconfigure.web.servlet.WebMvcTestContextBootstrapper - Neither @ContextConfiguration nor @ContextHierarchy found for test class [com.processPension.controller.ProcessPensionControllerTest], using SpringBootContextLoader
11:53:43.190 [main] DEBUG org.springframework.test.context.support.AbstractContextLoader - Did not detect default resource location for test class [com.processPension.controller.ProcessPensionControllerTest]: class path resource [com/processPension/controller/ProcessPensionControllerTest-context.xml] does not exist
11:53:43.191 [main] DEBUG org.springframework.test.context.support.AbstractContextLoader - Did not detect default resource location for test class [com.processPension.controller.ProcessPensionControllerTest]: class path resource [com/processPension/controller/ProcessPensionControllerTestContext.groovy] does not exist
11:53:43.192 [main] INFO org.springframework.test.context.support.AbstractContextLoader - Could not detect default resource locations for test class [com.processPension.controller.ProcessPensionControllerTest]: no resource found for suffixes {-context.xml, Context.groovy}.
11:53:43.194 [main] INFO org.springframework.test.context.support.AnnotationConfigContextLoaderUtils - Could not detect default configuration classes for test class [com.processPension.controller.ProcessPensionControllerTest]: ProcessPensionControllerTest does not declare any static, non-private, non-final, nested classes annotated with @Configuration.
11:53:43.415 [main] DEBUG org.springframework.test.context.support.ActiveProfilesUtils - Could not find an 'annotation declaring class' for annotation type [org.springframework.test.context.ActiveProfiles] and class [com.processPension.controller.ProcessPensionControllerTest]
11:53:43.777 [main] DEBUG org.springframework.context.annotation.ClassPathScanningCandidateComponentProvider - Identified candidate component class: file [C:\Users\sfjbs\Downloads\tcsb2_2022-main (1)\tcsb2_2022-main\Pension_Management_System-main\process-pension-service\target\classes\com\processPension\ProcessPensionServiceApplication.class]
11:53:43.779 [main] INFO org.springframework.boot.test.context.SpringBootTestContextBootstrapper - Found @SpringBootConfiguration com.processPension.ProcessPensionServiceApplication for test class com.processPension.controller.ProcessPensionControllerTest
11:53:43.796 [main] DEBUG org.springframework.boot.test.autoconfigure.web.servlet.WebMvcTestContextBootstrapper - @TestExecutionListeners is not present for class [com.processPension.controller.ProcessPensionControllerTest]: using defaults.
11:53:43.797 [main] INFO org.springframework.boot.test.autoconfigure.web.servlet.WebMvcTestContextBootstrapper - Loaded default TestExecutionListener class names from location [META-INF/spring.factories]: [org.springframework.boot.test.mock.mockito.MockitoTestExecutionListener, org.springframework.boot.test.mock.mockito.ResetMocksTestExecutionListener, org.springframework.boot.test.autoconfigure.restdocs.RestDocsTestExecutionListener, org.springframework.boot.test.autoconfigure.web.client.MockRestServiceServerResetTestExecutionListener, org.springframework.boot.test.autoconfigure.web.servlet.MockMvcPrintOnlyOnFailureTestExecutionListener, org.springframework.boot.test.autoconfigure.web.servlet.WebDriverTestExecutionListener, org.springframework.boot.test.autoconfigure.webservices.client.MockWebServiceServerTestExecutionListener, org.springframework.test.context.web.ServletTestExecutionListener, org.springframework.test.context.support.DirtiesContextBeforeModesTestExecutionListener, org.springframework.test.context.event.ApplicationEventsTestExecutionListener, org.springframework.test.context.support.DependencyInjectionTestExecutionListener, org.springframework.test.context.support.DirtiesContextTestExecutionListener, org.springframework.test.context.transaction.TransactionalTestExecutionListener, org.springframework.test.context.jdbc.SqlScriptsTestExecutionListener, org.springframework.test.context.event.EventPublishingTestExecutionListener, org.springframework.security.test.context.support.WithSecurityContextTestExecutionListener, org.springframework.security.test.context.support.ReactorContextTestExecutionListener]
11:53:43.869 [main] INFO org.springframework.boot.test.autoconfigure.web.servlet.WebMvcTestContextBootstrapper - Using TestExecutionListeners: [org.springframework.test.context.web.ServletTestExecutionListener@53142455, org.springframework.test.context.support.DirtiesContextBeforeModesTestExecutionListener@40dff0b7, org.springframework.test.context.event.ApplicationEventsTestExecutionListener@7966baa7, org.springframework.boot.test.mock.mockito.MockitoTestExecutionListener@60975100, org.springframework.boot.test.autoconfigure.SpringBootDependencyInjectionTestExecutionListener@1253e7cb, org.springframework.test.context.support.DirtiesContextTestExecutionListener@2d36e77e, org.springframework.test.context.transaction.TransactionalTestExecutionListener@61c9c3fd, org.springframework.test.context.jdbc.SqlScriptsTestExecutionListener@3b0c9195, org.springframework.test.context.event.EventPublishingTestExecutionListener@366c4480, org.springframework.security.test.context.support.WithSecurityContextTestExecutionListener@2c7b5824, org.springframework.security.test.context.support.ReactorContextTestExecutionListener@302a07d, org.springframework.boot.test.mock.mockito.ResetMocksTestExecutionListener@5cdd09b1, org.springframework.boot.test.autoconfigure.restdocs.RestDocsTestExecutionListener@8c11eee, org.springframework.boot.test.autoconfigure.web.client.MockRestServiceServerResetTestExecutionListener@7e8dcdaa, org.springframework.boot.test.autoconfigure.web.servlet.MockMvcPrintOnlyOnFailureTestExecutionListener@681a8b4e, org.springframework.boot.test.autoconfigure.web.servlet.WebDriverTestExecutionListener@5cbe877d, org.springframework.boot.test.autoconfigure.webservices.client.MockWebServiceServerTestExecutionListener@5c08c46a]
11:53:43.885 [main] DEBUG org.springframework.test.context.support.AbstractDirtiesContextTestExecutionListener - Before test class: context [DefaultTestContext@710b18a6 testClass = ProcessPensionControllerTest, testInstance = [null], testMethod = [null], testException = [null], mergedContextConfiguration = [WebMergedContextConfiguration@119020fb testClass = ProcessPensionControllerTest, locations = '{}', classes = '{class com.processPension.ProcessPensionServiceApplication}', contextInitializerClasses = '[]', activeProfiles = '{}', propertySourceLocations = '{}', propertySourceProperties = '{org.springframework.boot.test.autoconfigure.web.servlet.WebMvcTestContextBootstrapper=true}', contextCustomizers = set[[ImportsContextCustomizer@3d9f6567 key = [org.springframework.boot.autoconfigure.cache.CacheAutoConfiguration, org.springframework.boot.autoconfigure.context.MessageSourceAutoConfiguration, org.springframework.boot.autoconfigure.data.web.SpringDataWebAutoConfiguration, org.springframework.boot.autoconfigure.freemarker.FreeMarkerAutoConfiguration, org.springframework.boot.autoconfigure.groovy.template.GroovyTemplateAutoConfiguration, org.springframework.boot.autoconfigure.gson.GsonAutoConfiguration, org.springframework.boot.autoconfigure.hateoas.HypermediaAutoConfiguration, org.springframework.boot.autoconfigure.http.HttpMessageConvertersAutoConfiguration, org.springframework.boot.autoconfigure.jackson.JacksonAutoConfiguration, org.springframework.boot.autoconfigure.jsonb.JsonbAutoConfiguration, org.springframework.boot.autoconfigure.mustache.MustacheAutoConfiguration, org.springframework.boot.autoconfigure.task.TaskExecutionAutoConfiguration, org.springframework.boot.autoconfigure.thymeleaf.ThymeleafAutoConfiguration, org.springframework.boot.autoconfigure.validation.ValidationAutoConfiguration, org.springframework.boot.autoconfigure.web.servlet.error.ErrorMvcAutoConfiguration, org.springframework.boot.autoconfigure.web.servlet.HttpEncodingAutoConfiguration, org.springframework.boot.autoconfigure.web.servlet.WebMvcAutoConfiguration, org.springframework.boot.test.autoconfigure.web.servlet.MockMvcAutoConfiguration, org.springframework.boot.test.autoconfigure.web.servlet.MockMvcWebClientAutoConfiguration, org.springframework.boot.test.autoconfigure.web.servlet.MockMvcWebDriverAutoConfiguration, org.springframework.boot.autoconfigure.security.oauth2.client.servlet.OAuth2ClientAutoConfiguration, org.springframework.boot.autoconfigure.security.oauth2.resource.servlet.OAuth2ResourceServerAutoConfiguration, org.springframework.boot.autoconfigure.security.servlet.SecurityAutoConfiguration, org.springframework.boot.autoconfigure.security.servlet.SecurityFilterAutoConfiguration, org.springframework.boot.autoconfigure.security.servlet.UserDetailsServiceAutoConfiguration, org.springframework.boot.test.autoconfigure.web.servlet.MockMvcSecurityConfiguration]], org.springframework.boot.test.context.filter.ExcludeFilterContextCustomizer@106cc338, org.springframework.boot.test.json.DuplicateJsonObjectContextCustomizerFactory$DuplicateJsonObjectContextCustomizer@15713d56, org.springframework.boot.test.mock.mockito.MockitoContextCustomizer@5199caf0, org.springframework.boot.test.autoconfigure.OverrideAutoConfigurationContextCustomizerFactory$DisableAutoConfigurationContextCustomizer@66c61024, org.springframework.boot.test.autoconfigure.actuate.metrics.MetricsExportContextCustomizerFactory$DisableMetricExportContextCustomizer@35432107, org.springframework.boot.test.autoconfigure.filter.TypeExcludeFiltersContextCustomizer@845cdcf6, org.springframework.boot.test.autoconfigure.properties.PropertyMappingContextCustomizer@db04a2c7, org.springframework.boot.test.autoconfigure.web.servlet.WebDriverContextCustomizerFactory$Customizer@5460cf3a, org.springframework.boot.test.context.SpringBootTestArgs@1, org.springframework.boot.test.context.SpringBootTestWebEnvironment@0], resourceBasePath = 'src/main/webapp', contextLoader = 'org.springframework.boot.test.context.SpringBootContextLoader', parent = [null]], attributes = map[[empty]]], class annotated with @DirtiesContext [false] with mode [null].
11:53:44.000 [main] DEBUG org.springframework.test.context.support.TestPropertySourceUtils - Adding inlined properties to environment: {spring.jmx.enabled=false, org.springframework.boot.test.autoconfigure.web.servlet.WebMvcTestContextBootstrapper=true}

  .   ____          _            __ _ _
 /\\ / ___'_ __ _ _(_)_ __  __ _ \ \ \ \
( ( )\___ | '_ | '_| | '_ \/ _` | \ \ \ \
 \\/  ___)| |_)| | | | | || (_| |  ) ) ) )
  '  |____| .__|_| |_|_| |_\__, | / / / /
 =========|_|==============|___/=/_/_/_/
 :: Spring Boot ::                (v2.4.8)

2022-06-17 11:53:45.218  INFO 4412 --- [           main] c.p.c.ProcessPensionControllerTest       : Starting ProcessPensionControllerTest using Java 17.0.2 on jm12 with PID 4412 (started by sfjbs in C:\Users\sfjbs\Downloads\tcsb2_2022-main (1)\tcsb2_2022-main\Pension_Management_System-main\process-pension-service)
2022-06-17 11:53:45.222  INFO 4412 --- [           main] c.p.c.ProcessPensionControllerTest       : No active profile set, falling back to default profiles: default
2022-06-17 11:53:50.876  INFO 4412 --- [           main] pertySourcedRequestMappingHandlerMapping : Mapped URL path [/v2/api-docs] onto method [springfox.documentation.swagger2.web.Swagger2Controller#getDocumentation(String, HttpServletRequest)]
2022-06-17 11:53:52.374  INFO 4412 --- [           main] o.s.b.t.m.w.SpringBootMockServletContext : Initializing Spring TestDispatcherServlet ''
2022-06-17 11:53:52.375  INFO 4412 --- [           main] o.s.t.web.servlet.TestDispatcherServlet  : Initializing Servlet ''
2022-06-17 11:53:52.377  INFO 4412 --- [           main] o.s.t.web.servlet.TestDispatcherServlet  : Completed initialization in 2 ms
2022-06-17 11:53:52.440  INFO 4412 --- [           main] d.s.w.p.DocumentationPluginsBootstrapper : Context refreshed
2022-06-17 11:53:52.480  INFO 4412 --- [           main] d.s.w.p.DocumentationPluginsBootstrapper : Found 1 custom documentation plugin(s)
2022-06-17 11:53:52.572  INFO 4412 --- [           main] s.d.s.w.s.ApiListingReferenceScanner     : Scanning for api listing references
2022-06-17 11:53:52.958  INFO 4412 --- [           main] c.p.c.ProcessPensionControllerTest       : Started ProcessPensionControllerTest in 8.934 seconds (JVM running for 11.879)

MockHttpServletRequest:
      HTTP Method = POST
      Request URI = /pensionerInput
       Parameters = {}
          Headers = [Content-Type:"application/json;charset=UTF-8", Authorization:"eyJhbGciOiJIUzI1NiIsInR5cCI6IkpXVCJ9", Accept:"application/json", Content-Length:"83"]
             Body = {"name":null,"dateOfBirth":null,"pan":null,"aadhaarNumber":null,"pensionType":null}
    Session Attrs = {}

Handler:
             Type = org.springframework.web.servlet.resource.ResourceHttpRequestHandler

Async:
    Async started = false
     Async result = null

Resolved Exception:
             Type = null

ModelAndView:
        View name = null
             View = null
            Model = null

FlashMap:
       Attributes = null

MockHttpServletResponse:
           Status = 404
    Error message = null
          Headers = [Vary:"Origin", "Access-Control-Request-Method", "Access-Control-Request-Headers"]
     Content type = null
             Body = 
    Forwarded URL = null
   Redirected URL = null
          Cookies = []
]]></system-out>
  </testcase>
  <testcase name="testDisbursePension_withInvalidArgument" classname="com.processPension.controller.ProcessPensionControllerTest" time="0.028">
    <failure message="Status expected:&lt;400&gt; but was:&lt;404&gt;" type="java.lang.AssertionError"><![CDATA[java.lang.AssertionError: Status expected:<400> but was:<404>
	at com.processPension.controller.ProcessPensionControllerTest.testDisbursePension_withInvalidArgument(ProcessPensionControllerTest.java:159)
]]></failure>
    <system-out><![CDATA[
MockHttpServletRequest:
      HTTP Method = POST
      Request URI = /processPension
       Parameters = {}
          Headers = [Content-Type:"application/json;charset=UTF-8", Accept:"application/json", Authorization:"eyJhbGciOiJIUzI1NiIsInR5cCI6IkpXVCJ9", Content-Length:"7"]
             Body = invalid
    Session Attrs = {}

Handler:
             Type = org.springframework.web.servlet.resource.ResourceHttpRequestHandler

Async:
    Async started = false
     Async result = null

Resolved Exception:
             Type = null

ModelAndView:
        View name = null
             View = null
            Model = null

FlashMap:
       Attributes = null

MockHttpServletResponse:
           Status = 404
    Error message = null
          Headers = [Vary:"Origin", "Access-Control-Request-Method", "Access-Control-Request-Headers"]
     Content type = null
             Body = 
    Forwarded URL = null
   Redirected URL = null
          Cookies = []
]]></system-out>
  </testcase>
  <testcase name="testProcessPension_withInvalidInput" classname="com.processPension.controller.ProcessPensionControllerTest" time="0.087">
    <failure message="Status expected:&lt;200&gt; but was:&lt;404&gt;" type="java.lang.AssertionError"><![CDATA[java.lang.AssertionError: Status expected:<200> but was:<404>
	at com.processPension.controller.ProcessPensionControllerTest.testProcessPension_withInvalidInput(ProcessPensionControllerTest.java:136)
]]></failure>
    <system-out><![CDATA[
MockHttpServletRequest:
      HTTP Method = POST
      Request URI = /processPension
       Parameters = {}
          Headers = [Content-Type:"application/json;charset=UTF-8", Authorization:"eyJhbGciOiJIUzI1NiIsInR5cCI6IkpXVCJ9", Accept:"application/json", Content-Length:"83"]
             Body = {"aadhaarNumber":"300546467895","pensionAmount":138752.0,"bankServiceCharge":500.0}
    Session Attrs = {}

Handler:
             Type = org.springframework.web.servlet.resource.ResourceHttpRequestHandler

Async:
    Async started = false
     Async result = null

Resolved Exception:
             Type = null

ModelAndView:
        View name = null
             View = null
            Model = null

FlashMap:
       Attributes = null

MockHttpServletResponse:
           Status = 404
    Error message = null
          Headers = [Vary:"Origin", "Access-Control-Request-Method", "Access-Control-Request-Headers"]
     Content type = null
             Body = 
    Forwarded URL = null
   Redirected URL = null
          Cookies = []
]]></system-out>
  </testcase>
  <testcase name="testGetPensionDetails_withInvalidToken" classname="com.processPension.controller.ProcessPensionControllerTest" time="0.07">
    <failure message="Status expected:&lt;403&gt; but was:&lt;404&gt;" type="java.lang.AssertionError"><![CDATA[java.lang.AssertionError: Status expected:<403> but was:<404>
	at com.processPension.controller.ProcessPensionControllerTest.testGetPensionDetails_withInvalidToken(ProcessPensionControllerTest.java:192)
]]></failure>
    <system-out><![CDATA[
MockHttpServletRequest:
      HTTP Method = POST
      Request URI = /pensionerInput
       Parameters = {}
          Headers = [Content-Type:"application/json;charset=UTF-8", Accept:"application/json", Authorization:"user1", Content-Length:"83"]
             Body = {"name":null,"dateOfBirth":null,"pan":null,"aadhaarNumber":null,"pensionType":null}
    Session Attrs = {}

Handler:
             Type = org.springframework.web.servlet.resource.ResourceHttpRequestHandler

Async:
    Async started = false
     Async result = null

Resolved Exception:
             Type = null

ModelAndView:
        View name = null
             View = null
            Model = null

FlashMap:
       Attributes = null

MockHttpServletResponse:
           Status = 404
    Error message = null
          Headers = [Vary:"Origin", "Access-Control-Request-Method", "Access-Control-Request-Headers"]
     Content type = null
             Body = 
    Forwarded URL = null
   Redirected URL = null
          Cookies = []
]]></system-out>
  </testcase>
  <testcase name="testDisbursePension_withValidFeignResponse" classname="com.processPension.controller.ProcessPensionControllerTest" time="0.07">
    <failure message="Status expected:&lt;400&gt; but was:&lt;404&gt;" type="java.lang.AssertionError"><![CDATA[java.lang.AssertionError: Status expected:<400> but was:<404>
	at com.processPension.controller.ProcessPensionControllerTest.testDisbursePension_withValidFeignResponse(ProcessPensionControllerTest.java:239)
]]></failure>
    <system-out><![CDATA[
MockHttpServletRequest:
      HTTP Method = POST
      Request URI = /pensionerInput
       Parameters = {}
          Headers = [Content-Type:"application/json;charset=UTF-8", Accept:"application/json", Authorization:"eyJhbGciOiJIUzI1NiIsInR5cCI6IkpXVCJ9", Content-Length:"83"]
             Body = {"name":null,"dateOfBirth":null,"pan":null,"aadhaarNumber":null,"pensionType":null}
    Session Attrs = {}

Handler:
             Type = org.springframework.web.servlet.resource.ResourceHttpRequestHandler

Async:
    Async started = false
     Async result = null

Resolved Exception:
             Type = null

ModelAndView:
        View name = null
             View = null
            Model = null

FlashMap:
       Attributes = null

MockHttpServletResponse:
           Status = 404
    Error message = null
          Headers = [Vary:"Origin", "Access-Control-Request-Method", "Access-Control-Request-Headers"]
     Content type = null
             Body = 
    Forwarded URL = null
   Redirected URL = null
          Cookies = []
]]></system-out>
  </testcase>
  <testcase name="testProcessPension_withValidInput" classname="com.processPension.controller.ProcessPensionControllerTest" time="0.06">
    <failure message="Status expected:&lt;200&gt; but was:&lt;404&gt;" type="java.lang.AssertionError"><![CDATA[java.lang.AssertionError: Status expected:<200> but was:<404>
	at com.processPension.controller.ProcessPensionControllerTest.testProcessPension_withValidInput(ProcessPensionControllerTest.java:118)
]]></failure>
    <system-out><![CDATA[
MockHttpServletRequest:
      HTTP Method = POST
      Request URI = /processPension
       Parameters = {}
          Headers = [Content-Type:"application/json;charset=UTF-8", Authorization:"eyJhbGciOiJIUzI1NiIsInR5cCI6IkpXVCJ9", Accept:"application/json", Content-Length:"83"]
             Body = {"aadhaarNumber":"300546467895","pensionAmount":138752.0,"bankServiceCharge":500.0}
    Session Attrs = {}

Handler:
             Type = org.springframework.web.servlet.resource.ResourceHttpRequestHandler

Async:
    Async started = false
     Async result = null

Resolved Exception:
             Type = null

ModelAndView:
        View name = null
             View = null
            Model = null

FlashMap:
       Attributes = null

MockHttpServletResponse:
           Status = 404
    Error message = null
          Headers = [Vary:"Origin", "Access-Control-Request-Method", "Access-Control-Request-Headers"]
     Content type = null
             Body = 
    Forwarded URL = null
   Redirected URL = null
          Cookies = []
]]></system-out>
  </testcase>
  <testcase name="testPensionInput_withInvalidFeignResponse" classname="com.processPension.controller.ProcessPensionControllerTest" time="0.045">
    <failure message="Status expected:&lt;400&gt; but was:&lt;404&gt;" type="java.lang.AssertionError"><![CDATA[java.lang.AssertionError: Status expected:<400> but was:<404>
	at com.processPension.controller.ProcessPensionControllerTest.testPensionInput_withInvalidFeignResponse(ProcessPensionControllerTest.java:255)
]]></failure>
    <system-out><![CDATA[
MockHttpServletRequest:
      HTTP Method = POST
      Request URI = /pensionerInput
       Parameters = {}
          Headers = [Content-Type:"application/json;charset=UTF-8", Accept:"application/json", Authorization:"eyJhbGciOiJIUzI1NiIsInR5cCI6IkpXVCJ9", Content-Length:"83"]
             Body = {"name":null,"dateOfBirth":null,"pan":null,"aadhaarNumber":null,"pensionType":null}
    Session Attrs = {}

Handler:
             Type = org.springframework.web.servlet.resource.ResourceHttpRequestHandler

Async:
    Async started = false
     Async result = null

Resolved Exception:
             Type = null

ModelAndView:
        View name = null
             View = null
            Model = null

FlashMap:
       Attributes = null

MockHttpServletResponse:
           Status = 404
    Error message = null
          Headers = [Vary:"Origin", "Access-Control-Request-Method", "Access-Control-Request-Headers"]
     Content type = null
             Body = 
    Forwarded URL = null
   Redirected URL = null
          Cookies = []
]]></system-out>
  </testcase>
  <testcase name="testGetPensionDetails_withValidInput" classname="com.processPension.controller.ProcessPensionControllerTest" time="0.063">
    <failure message="Status expected:&lt;200&gt; but was:&lt;404&gt;" type="java.lang.AssertionError"><![CDATA[java.lang.AssertionError: Status expected:<200> but was:<404>
	at com.processPension.controller.ProcessPensionControllerTest.testGetPensionDetails_withValidInput(ProcessPensionControllerTest.java:179)
]]></failure>
    <system-out><![CDATA[
MockHttpServletRequest:
      HTTP Method = POST
      Request URI = /pensionerInput
       Parameters = {}
          Headers = [Content-Type:"application/json;charset=UTF-8", Authorization:"eyJhbGciOiJIUzI1NiIsInR5cCI6IkpXVCJ9", Accept:"application/json", Content-Length:"83"]
             Body = {"name":null,"dateOfBirth":null,"pan":null,"aadhaarNumber":null,"pensionType":null}
    Session Attrs = {}

Handler:
             Type = org.springframework.web.servlet.resource.ResourceHttpRequestHandler

Async:
    Async started = false
     Async result = null

Resolved Exception:
             Type = null

ModelAndView:
        View name = null
             View = null
            Model = null

FlashMap:
       Attributes = null

MockHttpServletResponse:
           Status = 404
    Error message = null
          Headers = [Vary:"Origin", "Access-Control-Request-Method", "Access-Control-Request-Headers"]
     Content type = null
             Body = 
    Forwarded URL = null
   Redirected URL = null
          Cookies = []
]]></system-out>
  </testcase>
  <testcase name="testPensionInput_withEmptyFeignResponse" classname="com.processPension.controller.ProcessPensionControllerTest" time="0.032">
    <failure message="Status expected:&lt;400&gt; but was:&lt;404&gt;" type="java.lang.AssertionError"><![CDATA[java.lang.AssertionError: Status expected:<400> but was:<404>
	at com.processPension.controller.ProcessPensionControllerTest.testPensionInput_withEmptyFeignResponse(ProcessPensionControllerTest.java:270)
]]></failure>
    <system-out><![CDATA[
MockHttpServletRequest:
      HTTP Method = POST
      Request URI = /pensionerInput
       Parameters = {}
          Headers = [Content-Type:"application/json;charset=UTF-8", Accept:"application/json", Authorization:"eyJhbGciOiJIUzI1NiIsInR5cCI6IkpXVCJ9", Content-Length:"83"]
             Body = {"name":null,"dateOfBirth":null,"pan":null,"aadhaarNumber":null,"pensionType":null}
    Session Attrs = {}

Handler:
             Type = org.springframework.web.servlet.resource.ResourceHttpRequestHandler

Async:
    Async started = false
     Async result = null

Resolved Exception:
             Type = null

ModelAndView:
        View name = null
             View = null
            Model = null

FlashMap:
       Attributes = null

MockHttpServletResponse:
           Status = 404
    Error message = null
          Headers = [Vary:"Origin", "Access-Control-Request-Method", "Access-Control-Request-Headers"]
     Content type = null
             Body = 
    Forwarded URL = null
   Redirected URL = null
          Cookies = []
]]></system-out>
  </testcase>
  <testcase name="testDisbursePension_withInvalidToken" classname="com.processPension.controller.ProcessPensionControllerTest" time="0.047">
    <failure message="Status expected:&lt;403&gt; but was:&lt;404&gt;" type="java.lang.AssertionError"><![CDATA[java.lang.AssertionError: Status expected:<403> but was:<404>
	at com.processPension.controller.ProcessPensionControllerTest.testDisbursePension_withInvalidToken(ProcessPensionControllerTest.java:149)
]]></failure>
    <system-out><![CDATA[
MockHttpServletRequest:
      HTTP Method = POST
      Request URI = /processPension
       Parameters = {}
          Headers = [Content-Type:"application/json;charset=UTF-8", Accept:"application/json", Authorization:"user1", Content-Length:"83"]
             Body = {"aadhaarNumber":"300546467895","pensionAmount":145000.0,"bankServiceCharge":550.0}
    Session Attrs = {}

Handler:
             Type = org.springframework.web.servlet.resource.ResourceHttpRequestHandler

Async:
    Async started = false
     Async result = null

Resolved Exception:
             Type = null

ModelAndView:
        View name = null
             View = null
            Model = null

FlashMap:
       Attributes = null

MockHttpServletResponse:
           Status = 404
    Error message = null
          Headers = [Vary:"Origin", "Access-Control-Request-Method", "Access-Control-Request-Headers"]
     Content type = null
             Body = 
    Forwarded URL = null
   Redirected URL = null
          Cookies = []
]]></system-out>
  </testcase>
  <testcase name="testPensionInput_withInvalidInput" classname="com.processPension.controller.ProcessPensionControllerTest" time="0.044">
    <failure message="No value at JSON path &quot;$.message&quot;" type="java.lang.AssertionError">java.lang.AssertionError: No value at JSON path "$.message"
	at com.processPension.controller.ProcessPensionControllerTest.testPensionInput_withInvalidInput(ProcessPensionControllerTest.java:222)
Caused by: java.lang.IllegalArgumentException: json can not be null or empty
	at com.processPension.controller.ProcessPensionControllerTest.testPensionInput_withInvalidInput(ProcessPensionControllerTest.java:222)
</failure>
    <system-out><![CDATA[
MockHttpServletRequest:
      HTTP Method = POST
      Request URI = /pensionerInput
       Parameters = {}
          Headers = [Content-Type:"application/json;charset=UTF-8", Authorization:"eyJhbGciOiJIUzI1NiIsInR5cCI6IkpXVCJ9", Accept:"application/json", Content-Length:"83"]
             Body = {"name":null,"dateOfBirth":null,"pan":null,"aadhaarNumber":null,"pensionType":null}
    Session Attrs = {}

Handler:
             Type = org.springframework.web.servlet.resource.ResourceHttpRequestHandler

Async:
    Async started = false
     Async result = null

Resolved Exception:
             Type = null

ModelAndView:
        View name = null
             View = null
            Model = null

FlashMap:
       Attributes = null

MockHttpServletResponse:
           Status = 404
    Error message = null
          Headers = [Vary:"Origin", "Access-Control-Request-Method", "Access-Control-Request-Headers"]
     Content type = null
             Body = 
    Forwarded URL = null
   Redirected URL = null
          Cookies = []
]]></system-out>
  </testcase>
</testsuite>