-------------------------------------------------------------------------------
Test set: com.cts.authorization.service.UserServiceTests
-------------------------------------------------------------------------------
Tests run: 2, Failures: 0, Errors: 2, Skipped: 0, Time elapsed: 3.48 s <<< FAILURE! - in com.cts.authorization.service.UserServiceTests
testLoadUserByUsername_validUsername  Time elapsed: 0.006 s  <<< ERROR!
java.lang.IllegalStateException: Failed to load ApplicationContext
Caused by: org.springframework.beans.factory.UnsatisfiedDependencyException: Error creating bean with name 'userRequest' defined in file [C:\Users\sfjbs\Downloads\tcsb2_2022-main (1)\tcsb2_2022-main\Pension_Management_System-main\authorization-service\target\classes\com\cts\authorization\model\UserRequest.class]: Unsatisfied dependency expressed through constructor parameter 0; nested exception is org.springframework.beans.factory.NoSuchBeanDefinitionException: No qualifying bean of type 'java.lang.String' available: expected at least 1 bean which qualifies as autowire candidate. Dependency annotations: {@javax.validation.constraints.NotBlank(message="Username cannot be empty", payload={}, groups={}), @javax.validation.constraints.Size(groups={}, min=4, message="Username length should be from 4 to 25 characters", payload={}, max=25)}
Caused by: org.springframework.beans.factory.NoSuchBeanDefinitionException: No qualifying bean of type 'java.lang.String' available: expected at least 1 bean which qualifies as autowire candidate. Dependency annotations: {@javax.validation.constraints.NotBlank(message="Username cannot be empty", payload={}, groups={}), @javax.validation.constraints.Size(groups={}, min=4, message="Username length should be from 4 to 25 characters", payload={}, max=25)}

testLoadUserByUsername_invalidUsername  Time elapsed: 0.001 s  <<< ERROR!
java.lang.IllegalStateException: Failed to load ApplicationContext
Caused by: org.springframework.beans.factory.UnsatisfiedDependencyException: Error creating bean with name 'userRequest' defined in file [C:\Users\sfjbs\Downloads\tcsb2_2022-main (1)\tcsb2_2022-main\Pension_Management_System-main\authorization-service\target\classes\com\cts\authorization\model\UserRequest.class]: Unsatisfied dependency expressed through constructor parameter 0; nested exception is org.springframework.beans.factory.NoSuchBeanDefinitionException: No qualifying bean of type 'java.lang.String' available: expected at least 1 bean which qualifies as autowire candidate. Dependency annotations: {@javax.validation.constraints.NotBlank(message="Username cannot be empty", payload={}, groups={}), @javax.validation.constraints.Size(groups={}, min=4, message="Username length should be from 4 to 25 characters", payload={}, max=25)}
Caused by: org.springframework.beans.factory.NoSuchBeanDefinitionException: No qualifying bean of type 'java.lang.String' available: expected at least 1 bean which qualifies as autowire candidate. Dependency annotations: {@javax.validation.constraints.NotBlank(message="Username cannot be empty", payload={}, groups={}), @javax.validation.constraints.Size(groups={}, min=4, message="Username length should be from 4 to 25 characters", payload={}, max=25)}

